<?xml version="1.0" encoding="UTF-8"?>
<!-- Generated by org.testng.reporters.JUnitReportReporter -->
<testsuite skipped="0" hostname="DESKTOP-INQUNRP" name="oAuth1.Get" tests="1" failures="0" timestamp="2021-01-27T09:40:08 EST" time="3.051" errors="0">
  <testcase name="getaFunction" time="3.051" classname="oAuth1.Get"/>
  <system-out/>
</testsuite> <!-- oAuth1.Get -->
