<?xml version="1.0" encoding="UTF-8"?>
<!-- Generated by org.testng.reporters.JUnitReportReporter -->
<testsuite skipped="0" hostname="DESKTOP-INQUNRP" name="oAuth2.o.PostManualToken" tests="1" failures="0" timestamp="2021-01-27T20:02:15 EST" time="2.462" errors="0">
  <testcase name="getFunction" time="2.462" classname="oAuth2.o.PostManualToken"/>
  <system-out/>
</testsuite> <!-- oAuth2.o.PostManualToken -->
