<?xml version="1.0" encoding="UTF-8"?>
<!-- Generated by org.testng.reporters.JUnitReportReporter -->
<testsuite skipped="0" hostname="DESKTOP-INQUNRP" name="stripeAPI_post.SendPOSTRequest_Complex_Json_HashMap" tests="1" failures="0" timestamp="2020-08-21T18:45:42 EDT" time="3.269" errors="0">
  <testcase name="hasMap" time="3.269" classname="stripeAPI_post.SendPOSTRequest_Complex_Json_HashMap"/>
  <system-out/>
</testsuite> <!-- stripeAPI_post.SendPOSTRequest_Complex_Json_HashMap -->
