<?xml version="1.0" encoding="UTF-8"?>
<!-- Generated by org.testng.reporters.JUnitReportReporter -->
<testsuite skipped="0" hostname="DESKTOP-INQUNRP" name="stripeAPI_post.SendPOSTRequest_withJsonFile" tests="3" failures="0" timestamp="2020-08-21T17:32:02 EDT" time="2.497" errors="0">
  <testcase name="JsonFile" time="2.313" classname="stripeAPI_post.SendPOSTRequest_withJsonFile"/>
  <system-out/>
  <testcase name="JsonFileGet_Without_Log_All" time="0.086" classname="stripeAPI_post.SendPOSTRequest_withJsonFile"/>
  <system-out/>
  <testcase name="JsonFileGet_WithLog_All" time="0.098" classname="stripeAPI_post.SendPOSTRequest_withJsonFile"/>
  <system-out/>
</testsuite> <!-- stripeAPI_post.SendPOSTRequest_withJsonFile -->
