<?xml version="1.0" encoding="UTF-8"?>
<!-- Generated by org.testng.reporters.JUnitReportReporter -->
<testsuite skipped="0" hostname="DESKTOP-INQUNRP" name="basics.Delete" tests="1" failures="0" timestamp="2020-03-25T17:15:47 EDT" time="3.019" errors="0">
  <testcase name="deleteFunction" time="3.019" classname="basics.Delete"/>
  <system-out/>
</testsuite> <!-- basics.Delete -->
