<?xml version="1.0" encoding="UTF-8"?>
<!-- Generated by org.testng.reporters.JUnitReportReporter -->
<testsuite skipped="0" hostname="DESKTOP-INQUNRP" name="basics.GetData" tests="2" failures="0" timestamp="2020-08-06T18:42:20 EDT" time="5.422" errors="0">
  <testcase name="testResponseCode" time="0.826" classname="basics.GetData"/>
  <system-out/>
  <testcase name="testResponseBody" time="4.596" classname="basics.GetData"/>
  <system-out/>
</testsuite> <!-- basics.GetData -->
