<?xml version="1.0" encoding="UTF-8"?>
<!-- Generated by org.testng.reporters.JUnitReportReporter -->
<testsuite skipped="0" hostname="DESKTOP-INQUNRP" name="basics.Post" tests="1" failures="0" timestamp="2020-10-11T13:36:13 EDT" time="3.525" errors="0">
  <testcase name="postFunction" time="3.525" classname="basics.Post"/>
  <system-out/>
</testsuite> <!-- basics.Post -->
