<?xml version="1.0" encoding="UTF-8"?>
<!-- Generated by org.testng.reporters.JUnitReportReporter -->
<testsuite skipped="0" hostname="DESKTOP-INQUNRP" name="getRequest.GetData2" tests="2" failures="0" timestamp="2020-03-25T09:18:47 EDT" time="5.814" errors="0">
  <testcase name="testResponseCode" time="1.727" classname="getRequest.GetData2"/>
  <system-out/>
  <testcase name="testResponseBody" time="4.087" classname="getRequest.GetData2"/>
  <system-out/>
</testsuite> <!-- getRequest.GetData2 -->
