<?xml version="1.0" encoding="UTF-8"?>
<!-- Generated by org.testng.reporters.JUnitReportReporter -->
<testsuite skipped="0" hostname="DESKTOP-INQUNRP" name="oAuth2.o.PostAutoToken" tests="1" failures="0" timestamp="2021-01-27T20:00:28 EST" time="7.181" errors="0">
  <testcase name="postFunction" time="7.181" classname="oAuth2.o.PostAutoToken"/>
  <system-out/>
</testsuite> <!-- oAuth2.o.PostAutoToken -->
