<?xml version="1.0" encoding="UTF-8"?>
<!-- Generated by org.testng.reporters.JUnitReportReporter -->
<testsuite skipped="0" hostname="DESKTOP-INQUNRP" name="stripeAPI_post.SendPOSTRequest_with_Complex_JsonFile" tests="1" failures="0" timestamp="2020-08-21T18:14:29 EDT" time="1.992" errors="0">
  <testcase name="JsonFile" time="1.992" classname="stripeAPI_post.SendPOSTRequest_with_Complex_JsonFile"/>
  <system-out/>
</testsuite> <!-- stripeAPI_post.SendPOSTRequest_with_Complex_JsonFile -->
