<?xml version="1.0" encoding="UTF-8"?>
<!-- Generated by org.testng.reporters.JUnitReportReporter -->
<testsuite skipped="0" hostname="DESKTOP-INQUNRP" name="oAuth2.Get" tests="1" failures="0" timestamp="2020-03-30T18:15:41 EDT" time="2.238" errors="0">
  <testcase name="getFunction" time="2.238" classname="oAuth2.Get"/>
  <system-out/>
</testsuite> <!-- oAuth2.Get -->
