<?xml version="1.0" encoding="UTF-8"?>
<!-- Generated by org.testng.reporters.JUnitReportReporter -->
<testsuite skipped="0" hostname="DESKTOP-INQUNRP" name="basics.GetData2" tests="2" failures="0" timestamp="2021-01-27T17:24:59 EST" time="7.343" errors="0">
  <testcase name="testResponseCode" time="1.770" classname="basics.GetData2"/>
  <system-out/>
  <testcase name="testResponseBody" time="5.573" classname="basics.GetData2"/>
  <system-out/>
</testsuite> <!-- basics.GetData2 -->
