<?xml version="1.0" encoding="UTF-8"?>
<!-- Generated by org.testng.reporters.JUnitReportReporter -->
<testsuite skipped="0" hostname="DESKTOP-INQUNRP" name="basics.Get" tests="1" failures="0" timestamp="2020-12-01T13:28:08 EST" time="7.034" errors="0">
  <testcase name="getFunction" time="7.034" classname="basics.Get"/>
  <system-out/>
</testsuite> <!-- basics.Get -->
