<?xml version="1.0" encoding="UTF-8"?>
<!-- Generated by org.testng.reporters.JUnitReportReporter -->
<testsuite skipped="0" hostname="DESKTOP-INQUNRP" name="getRequest.PostData" tests="1" failures="0" timestamp="2020-03-25T16:57:53 EDT" time="1.903" errors="0">
  <testcase name="postFunction" time="1.903" classname="getRequest.PostData"/>
  <system-out/>
</testsuite> <!-- getRequest.PostData -->
