<?xml version="1.0" encoding="UTF-8"?>
<!-- Generated by org.testng.reporters.JUnitReportReporter -->
<testsuite skipped="0" hostname="DESKTOP-INQUNRP" name="oAuth1.Lookup" tests="1" failures="0" timestamp="2021-01-27T19:56:21 EST" time="5.301" errors="0">
  <testcase name="lookupFunction" time="5.301" classname="oAuth1.Lookup"/>
  <system-out/>
</testsuite> <!-- oAuth1.Lookup -->
