<?xml version="1.0" encoding="UTF-8"?>
<!-- Generated by org.testng.reporters.JUnitReportReporter -->
<testsuite skipped="0" hostname="DESKTOP-INQUNRP" name="stripeAPI_post.SendPOSTRequest_withJSON_Object" tests="1" failures="0" timestamp="2020-08-22T13:04:10 EDT" time="2.342" errors="0">
  <testcase name="simpleJsonObject" time="2.342" classname="stripeAPI_post.SendPOSTRequest_withJSON_Object"/>
  <system-out/>
</testsuite> <!-- stripeAPI_post.SendPOSTRequest_withJSON_Object -->
