<?xml version="1.0" encoding="UTF-8"?>
<!-- Generated by org.testng.reporters.JUnitReportReporter -->
<testsuite skipped="0" hostname="DESKTOP-INQUNRP" name="basics.Put" tests="1" failures="0" timestamp="2020-03-31T19:16:54 EDT" time="1.871" errors="0">
  <testcase name="putFunction" time="1.871" classname="basics.Put"/>
  <system-out/>
</testsuite> <!-- basics.Put -->
