<?xml version="1.0" encoding="UTF-8"?>
<!-- Generated by org.testng.reporters.JUnitReportReporter -->
<testsuite skipped="0" hostname="DESKTOP-INQUNRP" name="getRequest.GetData" tests="2" failures="0" timestamp="2020-03-25T08:51:48 EDT" time="4.054" errors="0">
  <testcase name="testResponseCode" time="0.983" classname="getRequest.GetData"/>
  <system-out/>
  <testcase name="testResponseBody" time="3.071" classname="getRequest.GetData"/>
  <system-out/>
</testsuite> <!-- getRequest.GetData -->
