<?xml version="1.0" encoding="UTF-8"?>
<!-- Generated by org.testng.reporters.JUnitReportReporter -->
<testsuite skipped="0" hostname="DESKTOP-INQUNRP" name="oAuth1.Post" tests="1" failures="0" timestamp="2020-11-02T18:17:10 EST" time="6.759" errors="0">
  <testcase name="postOnTweeter" time="6.759" classname="oAuth1.Post"/>
  <system-out/>
</testsuite> <!-- oAuth1.Post -->
